<?xml version="1.0" encoding="UTF-8"?>
<robot generator="Robot 6.0.2 (Python 3.11.1 on win32)" generated="20230124 19:51:59.129" rpa="false" schemaversion="3">
<suite id="s1" name="Login Test" source="c:\Users\kouza\OneDrive\Bureau\RobotFrame_POM\test_cases\login_test.robot">
<kw name="Log To Console" library="BuiltIn" type="SETUP">
<arg>J execute avant tout les Tests</arg>
<doc>Logs the given message to the console.</doc>
<status status="PASS" starttime="20230124 19:51:59.724" endtime="20230124 19:51:59.725"/>
</kw>
<test id="s1-t1" name="Login test01" line="16">
<kw name="Ouvrir le Navigateur" library="Login_Keyword" type="SETUP">
<arg>${URL}</arg>
<arg>${Browser}</arg>
<kw name="Open Browser" library="SeleniumLibrary">
<arg>${URL}</arg>
<arg>${BROWSER}</arg>
<doc>Opens a new browser instance to the optional ``url``.</doc>
<msg timestamp="20230124 19:51:59.727" level="INFO">Opening browser 'chrome' to base url 'https://admin-demo.nopcommerce.com/'.</msg>
<status status="PASS" starttime="20230124 19:51:59.726" endtime="20230124 19:52:02.858"/>
</kw>
<kw name="Maximize Browser Window" library="SeleniumLibrary">
<doc>Maximizes current browser window.</doc>
<status status="PASS" starttime="20230124 19:52:02.859" endtime="20230124 19:52:03.017"/>
</kw>
<status status="PASS" starttime="20230124 19:51:59.726" endtime="20230124 19:52:03.019"/>
</kw>
<kw name="When Saisir le Nom d utilisateur" library="Login_Keyword">
<arg>${User_Name}</arg>
<kw name="Input Text" library="SeleniumLibrary">
<arg>${txt_LoginuserName}</arg>
<arg>${user}</arg>
<doc>Types the given ``text`` into the text field identified by ``locator``.</doc>
<msg timestamp="20230124 19:52:03.024" level="INFO">Typing text 'admin@yourstore.com' into text field 'id:Email'.</msg>
<status status="PASS" starttime="20230124 19:52:03.022" endtime="20230124 19:52:03.233"/>
</kw>
<status status="PASS" starttime="20230124 19:52:03.021" endtime="20230124 19:52:03.233"/>
</kw>
<kw name="And Saisir le mot de Pass" library="Login_Keyword">
<arg>${Password}</arg>
<kw name="Input Text" library="SeleniumLibrary">
<arg>${txt_LoginPass}</arg>
<arg>${Pass}</arg>
<doc>Types the given ``text`` into the text field identified by ``locator``.</doc>
<msg timestamp="20230124 19:52:03.238" level="INFO">Typing text 'admin' into text field 'id:Password'.</msg>
<status status="PASS" starttime="20230124 19:52:03.238" endtime="20230124 19:52:03.345"/>
</kw>
<status status="PASS" starttime="20230124 19:52:03.237" endtime="20230124 19:52:03.345"/>
</kw>
<kw name="And Cliquer sur Bouton Login" library="Login_Keyword">
<kw name="Click Button" library="SeleniumLibrary">
<arg>${Btn_LoginBtn}</arg>
<doc>Clicks the button identified by ``locator``.</doc>
<msg timestamp="20230124 19:52:03.347" level="INFO">Clicking button 'xpath://button[@type='submit']'.</msg>
<status status="PASS" starttime="20230124 19:52:03.346" endtime="20230124 19:52:05.241"/>
</kw>
<status status="PASS" starttime="20230124 19:52:03.345" endtime="20230124 19:52:05.243"/>
</kw>
<kw name="Then Valider que le mot Dashboard s affiche" library="Login_Keyword">
<kw name="Page Should Contain" library="SeleniumLibrary">
<arg>Dashboard</arg>
<doc>Verifies that current page contains ``text``.</doc>
<msg timestamp="20230124 19:52:05.265" level="INFO">Current page contains text 'Dashboard'.</msg>
<status status="PASS" starttime="20230124 19:52:05.244" endtime="20230124 19:52:05.266"/>
</kw>
<status status="PASS" starttime="20230124 19:52:05.244" endtime="20230124 19:52:05.267"/>
</kw>
<kw name="Fermer le Navigateur" library="Login_Keyword" type="TEARDOWN">
<kw name="Sleep" library="BuiltIn">
<arg>3</arg>
<doc>Pauses the test executed for the given time.</doc>
<msg timestamp="20230124 19:52:08.274" level="INFO">Slept 3 seconds</msg>
<status status="PASS" starttime="20230124 19:52:05.273" endtime="20230124 19:52:08.274"/>
</kw>
<kw name="Close Browser" library="SeleniumLibrary">
<doc>Closes the current browser.</doc>
<status status="PASS" starttime="20230124 19:52:08.274" endtime="20230124 19:52:10.544"/>
</kw>
<status status="PASS" starttime="20230124 19:52:05.271" endtime="20230124 19:52:10.545"/>
</kw>
<status status="PASS" starttime="20230124 19:51:59.725" endtime="20230124 19:52:10.546"/>
</test>
<test id="s1-t2" name="Login test02" line="22">
<kw name="Ouvrir le Navigateur" library="Login_Keyword" type="SETUP">
<arg>${URL}</arg>
<arg>${Browser}</arg>
<kw name="Open Browser" library="SeleniumLibrary">
<arg>${URL}</arg>
<arg>${BROWSER}</arg>
<doc>Opens a new browser instance to the optional ``url``.</doc>
<msg timestamp="20230124 19:52:10.554" level="INFO">Opening browser 'chrome' to base url 'https://admin-demo.nopcommerce.com/'.</msg>
<status status="PASS" starttime="20230124 19:52:10.552" endtime="20230124 19:52:13.696"/>
</kw>
<kw name="Maximize Browser Window" library="SeleniumLibrary">
<doc>Maximizes current browser window.</doc>
<status status="PASS" starttime="20230124 19:52:13.697" endtime="20230124 19:52:13.977"/>
</kw>
<status status="PASS" starttime="20230124 19:52:10.550" endtime="20230124 19:52:13.978"/>
</kw>
<kw name="When Saisir le Nom d utilisateur" library="Login_Keyword">
<arg>${User_Name}</arg>
<kw name="Input Text" library="SeleniumLibrary">
<arg>${txt_LoginuserName}</arg>
<arg>${user}</arg>
<doc>Types the given ``text`` into the text field identified by ``locator``.</doc>
<msg timestamp="20230124 19:52:13.981" level="INFO">Typing text 'admin@yourstore.com' into text field 'id:Email'.</msg>
<status status="PASS" starttime="20230124 19:52:13.980" endtime="20230124 19:52:14.278"/>
</kw>
<status status="PASS" starttime="20230124 19:52:13.980" endtime="20230124 19:52:14.278"/>
</kw>
<kw name="And Saisir le mot de Pass" library="Login_Keyword">
<arg>${Password}</arg>
<kw name="Input Text" library="SeleniumLibrary">
<arg>${txt_LoginPass}</arg>
<arg>${Pass}</arg>
<doc>Types the given ``text`` into the text field identified by ``locator``.</doc>
<msg timestamp="20230124 19:52:14.282" level="INFO">Typing text 'admin' into text field 'id:Password'.</msg>
<status status="PASS" starttime="20230124 19:52:14.280" endtime="20230124 19:52:14.551"/>
</kw>
<status status="PASS" starttime="20230124 19:52:14.280" endtime="20230124 19:52:14.552"/>
</kw>
<kw name="And Cliquer sur Bouton Login" library="Login_Keyword">
<kw name="Click Button" library="SeleniumLibrary">
<arg>${Btn_LoginBtn}</arg>
<doc>Clicks the button identified by ``locator``.</doc>
<msg timestamp="20230124 19:52:14.561" level="INFO">Clicking button 'xpath://button[@type='submit']'.</msg>
<status status="PASS" starttime="20230124 19:52:14.559" endtime="20230124 19:52:16.505"/>
</kw>
<status status="PASS" starttime="20230124 19:52:14.557" endtime="20230124 19:52:16.506"/>
</kw>
<kw name="Then Valider que le mot Dashboard s affiche" library="Login_Keyword">
<kw name="Page Should Contain" library="SeleniumLibrary">
<arg>Dashboard</arg>
<doc>Verifies that current page contains ``text``.</doc>
<msg timestamp="20230124 19:52:16.524" level="INFO">Current page contains text 'Dashboard'.</msg>
<status status="PASS" starttime="20230124 19:52:16.507" endtime="20230124 19:52:16.524"/>
</kw>
<status status="PASS" starttime="20230124 19:52:16.507" endtime="20230124 19:52:16.524"/>
</kw>
<kw name="Fermer le Navigateur" library="Login_Keyword" type="TEARDOWN">
<kw name="Sleep" library="BuiltIn">
<arg>3</arg>
<doc>Pauses the test executed for the given time.</doc>
<msg timestamp="20230124 19:52:19.527" level="INFO">Slept 3 seconds</msg>
<status status="PASS" starttime="20230124 19:52:16.525" endtime="20230124 19:52:19.527"/>
</kw>
<kw name="Close Browser" library="SeleniumLibrary">
<doc>Closes the current browser.</doc>
<status status="PASS" starttime="20230124 19:52:19.527" endtime="20230124 19:52:21.804"/>
</kw>
<status status="PASS" starttime="20230124 19:52:16.525" endtime="20230124 19:52:21.804"/>
</kw>
<status status="PASS" starttime="20230124 19:52:10.548" endtime="20230124 19:52:21.805"/>
</test>
<kw name="Log To Console" library="BuiltIn" type="TEARDOWN">
<arg>J execute apres tout les Tests</arg>
<doc>Logs the given message to the console.</doc>
<status status="PASS" starttime="20230124 19:52:21.808" endtime="20230124 19:52:21.809"/>
</kw>
<status status="PASS" starttime="20230124 19:51:59.139" endtime="20230124 19:52:21.809"/>
</suite>
<statistics>
<total>
<stat pass="2" fail="0" skip="0">All Tests</stat>
</total>
<tag>
</tag>
<suite>
<stat pass="2" fail="0" skip="0" id="s1" name="Login Test">Login Test</stat>
</suite>
</statistics>
<errors>
</errors>
</robot>
